{"C:\\Users\\iyosg\\Documents\\SATRIA_UNSRI\\client\\src\\CheckDataMahasiswa.jsx": {"path":"C:\\Users\\iyosg\\Documents\\SATRIA_UNSRI\\client\\src\\CheckDataMahasiswa.jsx","statementMap":{"0":{"start":{"line":9,"column":27},"end":{"line":128,"column":1}},"1":{"start":{"line":10,"column":19},"end":{"line":10,"column":32}},"2":{"start":{"line":11,"column":36},"end":{"line":11,"column":51}},"3":{"start":{"line":12,"column":42},"end":{"line":12,"column":68}},"4":{"start":{"line":13,"column":28},"end":{"line":13,"column":42}},"5":{"start":{"line":15,"column":24},"end":{"line":39,"column":3}},"6":{"start":{"line":16,"column":4},"end":{"line":16,"column":23}},"7":{"start":{"line":17,"column":4},"end":{"line":38,"column":5}},"8":{"start":{"line":18,"column":6},"end":{"line":33,"column":7}},"9":{"start":{"line":19,"column":25},"end":{"line":21,"column":10}},"10":{"start":{"line":22,"column":8},"end":{"line":22,"column":30}},"11":{"start":{"line":23,"column":8},"end":{"line":25,"column":9}},"12":{"start":{"line":24,"column":10},"end":{"line":24,"column":33}},"13":{"start":{"line":26,"column":8},"end":{"line":26,"column":36}},"14":{"start":{"line":27,"column":8},"end":{"line":27,"column":31}},"15":{"start":{"line":29,"column":8},"end":{"line":29,"column":58}},"16":{"start":{"line":30,"column":8},"end":{"line":30,"column":64}},"17":{"start":{"line":32,"column":8},"end":{"line":32,"column":28}},"18":{"start":{"line":35,"column":6},"end":{"line":35,"column":44}},"19":{"start":{"line":36,"column":6},"end":{"line":36,"column":76}},"20":{"start":{"line":37,"column":6},"end":{"line":37,"column":26}},"21":{"start":{"line":41,"column":2},"end":{"line":46,"column":12}},"22":{"start":{"line":42,"column":4},"end":{"line":42,"column":30}},"23":{"start":{"line":43,"column":4},"end":{"line":45,"column":5}},"24":{"start":{"line":44,"column":6},"end":{"line":44,"column":28}},"25":{"start":{"line":48,"column":27},"end":{"line":61,"column":3}},"26":{"start":{"line":49,"column":4},"end":{"line":49,"column":23}},"27":{"start":{"line":50,"column":4},"end":{"line":50,"column":19}},"28":{"start":{"line":51,"column":4},"end":{"line":60,"column":5}},"29":{"start":{"line":52,"column":23},"end":{"line":52,"column":89}},"30":{"start":{"line":53,"column":6},"end":{"line":53,"column":51}},"31":{"start":{"line":54,"column":6},"end":{"line":54,"column":36}},"32":{"start":{"line":56,"column":6},"end":{"line":56,"column":60}},"33":{"start":{"line":57,"column":6},"end":{"line":57,"column":66}},"34":{"start":{"line":59,"column":6},"end":{"line":59,"column":26}},"35":{"start":{"line":63,"column":2},"end":{"line":127,"column":4}},"36":{"start":{"line":119,"column":29},"end":{"line":119,"column":50}}},"fnMap":{"0":{"name":"(anonymous_0)","decl":{"start":{"line":9,"column":27},"end":{"line":9,"column":28}},"loc":{"start":{"line":9,"column":51},"end":{"line":128,"column":1}},"line":9},"1":{"name":"(anonymous_1)","decl":{"start":{"line":15,"column":24},"end":{"line":15,"column":25}},"loc":{"start":{"line":15,"column":36},"end":{"line":39,"column":3}},"line":15},"2":{"name":"(anonymous_2)","decl":{"start":{"line":41,"column":12},"end":{"line":41,"column":13}},"loc":{"start":{"line":41,"column":18},"end":{"line":46,"column":3}},"line":41},"3":{"name":"(anonymous_3)","decl":{"start":{"line":48,"column":27},"end":{"line":48,"column":28}},"loc":{"start":{"line":48,"column":42},"end":{"line":61,"column":3}},"line":48},"4":{"name":"(anonymous_4)","decl":{"start":{"line":119,"column":23},"end":{"line":119,"column":24}},"loc":{"start":{"line":119,"column":29},"end":{"line":119,"column":50}},"line":119}},"branchMap":{"0":{"loc":{"start":{"line":17,"column":4},"end":{"line":38,"column":5}},"type":"if","locations":[{"start":{"line":17,"column":4},"end":{"line":38,"column":5}},{"start":{"line":34,"column":11},"end":{"line":38,"column":5}}],"line":17},"1":{"loc":{"start":{"line":23,"column":8},"end":{"line":25,"column":9}},"type":"if","locations":[{"start":{"line":23,"column":8},"end":{"line":25,"column":9}},{"start":{},"end":{}}],"line":23},"2":{"loc":{"start":{"line":43,"column":4},"end":{"line":45,"column":5}},"type":"if","locations":[{"start":{"line":43,"column":4},"end":{"line":45,"column":5}},{"start":{},"end":{}}],"line":43},"3":{"loc":{"start":{"line":65,"column":7},"end":{"line":65,"column":38}},"type":"binary-expr","locations":[{"start":{"line":65,"column":7},"end":{"line":65,"column":16}},{"start":{"line":65,"column":20},"end":{"line":65,"column":38}}],"line":65},"4":{"loc":{"start":{"line":87,"column":13},"end":{"line":89,"column":13}},"type":"binary-expr","locations":[{"start":{"line":87,"column":13},"end":{"line":87,"column":18}},{"start":{"line":88,"column":14},"end":{"line":88,"column":62}}],"line":87},"5":{"loc":{"start":{"line":90,"column":13},"end":{"line":107,"column":13}},"type":"cond-expr","locations":[{"start":{"line":91,"column":14},"end":{"line":104,"column":20}},{"start":{"line":106,"column":14},"end":{"line":106,"column":44}}],"line":90},"6":{"loc":{"start":{"line":115,"column":15},"end":{"line":115,"column":61}},"type":"cond-expr","locations":[{"start":{"line":115,"column":27},"end":{"line":115,"column":42}},{"start":{"line":115,"column":45},"end":{"line":115,"column":61}}],"line":115}},"s":{"0":1,"1":2,"2":2,"3":2,"4":2,"5":2,"6":0,"7":0,"8":0,"9":0,"10":0,"11":0,"12":0,"13":0,"14":0,"15":0,"16":0,"17":0,"18":0,"19":0,"20":0,"21":2,"22":1,"23":1,"24":1,"25":2,"26":1,"27":1,"28":1,"29":1,"30":0,"31":0,"32":0,"33":0,"34":0,"35":2,"36":0},"f":{"0":2,"1":0,"2":1,"3":1,"4":0},"b":{"0":[0,0],"1":[0,0],"2":[1,0],"3":[2,1],"4":[2,0],"5":[2,0],"6":[1,1]},"_coverageSchema":"1a1c01bbd47fc00a2c39e90264f33305004495a9","hash":"ca070ab2368f8cd211412848fe331bf62fb5f621"}
,"C:\\Users\\iyosg\\Documents\\SATRIA_UNSRI\\client\\src\\InputSertifikatForm.jsx": {"path":"C:\\Users\\iyosg\\Documents\\SATRIA_UNSRI\\client\\src\\InputSertifikatForm.jsx","statementMap":{"0":{"start":{"line":15,"column":28},"end":{"line":525,"column":1}},"1":{"start":{"line":16,"column":19},"end":{"line":16,"column":32}},"2":{"start":{"line":17,"column":42},"end":{"line":17,"column":68}},"3":{"start":{"line":18,"column":32},"end":{"line":18,"column":46}},"4":{"start":{"line":20,"column":2},"end":{"line":42,"column":36}},"5":{"start":{"line":21,"column":29},"end":{"line":35,"column":5}},"6":{"start":{"line":22,"column":6},"end":{"line":34,"column":7}},"7":{"start":{"line":23,"column":20},"end":{"line":23,"column":47}},"8":{"start":{"line":24,"column":8},"end":{"line":29,"column":9}},"9":{"start":{"line":25,"column":27},"end":{"line":27,"column":11}},"10":{"start":{"line":28,"column":10},"end":{"line":28,"column":40}},"11":{"start":{"line":30,"column":8},"end":{"line":30,"column":26}},"12":{"start":{"line":32,"column":8},"end":{"line":32,"column":61}},"13":{"start":{"line":33,"column":8},"end":{"line":33,"column":26}},"14":{"start":{"line":37,"column":4},"end":{"line":41,"column":5}},"15":{"start":{"line":38,"column":6},"end":{"line":38,"column":25}},"16":{"start":{"line":40,"column":6},"end":{"line":40,"column":24}},"17":{"start":{"line":44,"column":26},"end":{"line":46,"column":3}},"18":{"start":{"line":45,"column":4},"end":{"line":45,"column":27}},"19":{"start":{"line":48,"column":23},"end":{"line":50,"column":3}},"20":{"start":{"line":49,"column":4},"end":{"line":49,"column":18}},"21":{"start":{"line":52,"column":24},"end":{"line":54,"column":3}},"22":{"start":{"line":53,"column":4},"end":{"line":53,"column":25}},"23":{"start":{"line":56,"column":50},"end":{"line":56,"column":76}},"24":{"start":{"line":57,"column":34},"end":{"line":71,"column":4}},"25":{"start":{"line":73,"column":20},"end":{"line":78,"column":3}},"26":{"start":{"line":80,"column":28},"end":{"line":86,"column":3}},"27":{"start":{"line":81,"column":28},"end":{"line":81,"column":36}},"28":{"start":{"line":82,"column":4},"end":{"line":85,"column":8}},"29":{"start":{"line":82,"column":27},"end":{"line":85,"column":5}},"30":{"start":{"line":88,"column":27},"end":{"line":93,"column":3}},"31":{"start":{"line":89,"column":4},"end":{"line":92,"column":8}},"32":{"start":{"line":89,"column":27},"end":{"line":92,"column":5}},"33":{"start":{"line":95,"column":23},"end":{"line":137,"column":3}},"34":{"start":{"line":96,"column":4},"end":{"line":96,"column":23}},"35":{"start":{"line":98,"column":4},"end":{"line":101,"column":5}},"36":{"start":{"line":99,"column":6},"end":{"line":99,"column":53}},"37":{"start":{"line":100,"column":6},"end":{"line":100,"column":13}},"38":{"start":{"line":102,"column":17},"end":{"line":102,"column":31}},"39":{"start":{"line":103,"column":4},"end":{"line":105,"column":5}},"40":{"start":{"line":104,"column":6},"end":{"line":104,"column":38}},"41":{"start":{"line":106,"column":4},"end":{"line":106,"column":40}},"42":{"start":{"line":109,"column":4},"end":{"line":122,"column":5}},"43":{"start":{"line":111,"column":8},"end":{"line":112,"column":73}},"44":{"start":{"line":113,"column":8},"end":{"line":113,"column":14}},"45":{"start":{"line":115,"column":8},"end":{"line":115,"column":69}},"46":{"start":{"line":116,"column":8},"end":{"line":116,"column":14}},"47":{"start":{"line":118,"column":8},"end":{"line":118,"column":75}},"48":{"start":{"line":119,"column":8},"end":{"line":119,"column":14}},"49":{"start":{"line":121,"column":8},"end":{"line":121,"column":73}},"50":{"start":{"line":124,"column":4},"end":{"line":136,"column":5}},"51":{"start":{"line":125,"column":23},"end":{"line":129,"column":8}},"52":{"start":{"line":130,"column":6},"end":{"line":130,"column":33}},"53":{"start":{"line":132,"column":6},"end":{"line":132,"column":51}},"54":{"start":{"line":133,"column":6},"end":{"line":135,"column":7}},"55":{"start":{"line":134,"column":8},"end":{"line":134,"column":67}},"56":{"start":{"line":139,"column":27},"end":{"line":362,"column":3}},"57":{"start":{"line":140,"column":4},"end":{"line":361,"column":5}},"58":{"start":{"line":142,"column":8},"end":{"line":181,"column":10}},"59":{"start":{"line":183,"column":8},"end":{"line":237,"column":10}},"60":{"start":{"line":239,"column":8},"end":{"line":278,"column":10}},"61":{"start":{"line":280,"column":8},"end":{"line":360,"column":10}},"62":{"start":{"line":364,"column":2},"end":{"line":366,"column":3}},"63":{"start":{"line":365,"column":4},"end":{"line":365,"column":29}},"64":{"start":{"line":368,"column":2},"end":{"line":524,"column":4}},"65":{"start":{"line":438,"column":33},"end":{"line":438,"column":68}},"66":{"start":{"line":442,"column":18},"end":{"line":444,"column":27}},"67":{"start":{"line":463,"column":24},"end":{"line":463,"column":77}},"68":{"start":{"line":489,"column":24},"end":{"line":489,"column":79}}},"fnMap":{"0":{"name":"(anonymous_0)","decl":{"start":{"line":15,"column":28},"end":{"line":15,"column":29}},"loc":{"start":{"line":15,"column":51},"end":{"line":525,"column":1}},"line":15},"1":{"name":"(anonymous_1)","decl":{"start":{"line":20,"column":12},"end":{"line":20,"column":13}},"loc":{"start":{"line":20,"column":18},"end":{"line":42,"column":3}},"line":20},"2":{"name":"(anonymous_2)","decl":{"start":{"line":21,"column":29},"end":{"line":21,"column":30}},"loc":{"start":{"line":21,"column":41},"end":{"line":35,"column":5}},"line":21},"3":{"name":"(anonymous_3)","decl":{"start":{"line":44,"column":26},"end":{"line":44,"column":27}},"loc":{"start":{"line":44,"column":32},"end":{"line":46,"column":3}},"line":44},"4":{"name":"(anonymous_4)","decl":{"start":{"line":48,"column":23},"end":{"line":48,"column":24}},"loc":{"start":{"line":48,"column":29},"end":{"line":50,"column":3}},"line":48},"5":{"name":"(anonymous_5)","decl":{"start":{"line":52,"column":24},"end":{"line":52,"column":25}},"loc":{"start":{"line":52,"column":30},"end":{"line":54,"column":3}},"line":52},"6":{"name":"(anonymous_6)","decl":{"start":{"line":80,"column":28},"end":{"line":80,"column":29}},"loc":{"start":{"line":80,"column":35},"end":{"line":86,"column":3}},"line":80},"7":{"name":"(anonymous_7)","decl":{"start":{"line":82,"column":16},"end":{"line":82,"column":17}},"loc":{"start":{"line":82,"column":27},"end":{"line":85,"column":5}},"line":82},"8":{"name":"(anonymous_8)","decl":{"start":{"line":88,"column":27},"end":{"line":88,"column":28}},"loc":{"start":{"line":88,"column":43},"end":{"line":93,"column":3}},"line":88},"9":{"name":"(anonymous_9)","decl":{"start":{"line":89,"column":16},"end":{"line":89,"column":17}},"loc":{"start":{"line":89,"column":27},"end":{"line":92,"column":5}},"line":89},"10":{"name":"(anonymous_10)","decl":{"start":{"line":95,"column":23},"end":{"line":95,"column":24}},"loc":{"start":{"line":95,"column":36},"end":{"line":137,"column":3}},"line":95},"11":{"name":"(anonymous_11)","decl":{"start":{"line":139,"column":27},"end":{"line":139,"column":28}},"loc":{"start":{"line":139,"column":33},"end":{"line":362,"column":3}},"line":139},"12":{"name":"(anonymous_12)","decl":{"start":{"line":438,"column":26},"end":{"line":438,"column":27}},"loc":{"start":{"line":438,"column":33},"end":{"line":438,"column":68}},"line":438},"13":{"name":"(anonymous_13)","decl":{"start":{"line":441,"column":31},"end":{"line":441,"column":32}},"loc":{"start":{"line":442,"column":18},"end":{"line":444,"column":27}},"line":442},"14":{"name":"(anonymous_14)","decl":{"start":{"line":462,"column":32},"end":{"line":462,"column":33}},"loc":{"start":{"line":463,"column":24},"end":{"line":463,"column":77}},"line":463},"15":{"name":"(anonymous_15)","decl":{"start":{"line":488,"column":32},"end":{"line":488,"column":33}},"loc":{"start":{"line":489,"column":24},"end":{"line":489,"column":79}},"line":489}},"branchMap":{"0":{"loc":{"start":{"line":24,"column":8},"end":{"line":29,"column":9}},"type":"if","locations":[{"start":{"line":24,"column":8},"end":{"line":29,"column":9}},{"start":{},"end":{}}],"line":24},"1":{"loc":{"start":{"line":37,"column":4},"end":{"line":41,"column":5}},"type":"if","locations":[{"start":{"line":37,"column":4},"end":{"line":41,"column":5}},{"start":{"line":39,"column":11},"end":{"line":41,"column":5}}],"line":37},"2":{"loc":{"start":{"line":98,"column":4},"end":{"line":101,"column":5}},"type":"if","locations":[{"start":{"line":98,"column":4},"end":{"line":101,"column":5}},{"start":{},"end":{}}],"line":98},"3":{"loc":{"start":{"line":109,"column":4},"end":{"line":122,"column":5}},"type":"switch","locations":[{"start":{"line":110,"column":6},"end":{"line":113,"column":14}},{"start":{"line":114,"column":6},"end":{"line":116,"column":14}},{"start":{"line":117,"column":6},"end":{"line":119,"column":14}},{"start":{"line":120,"column":6},"end":{"line":121,"column":73}}],"line":109},"4":{"loc":{"start":{"line":133,"column":6},"end":{"line":135,"column":7}},"type":"if","locations":[{"start":{"line":133,"column":6},"end":{"line":135,"column":7}},{"start":{},"end":{}}],"line":133},"5":{"loc":{"start":{"line":140,"column":4},"end":{"line":361,"column":5}},"type":"switch","locations":[{"start":{"line":141,"column":6},"end":{"line":181,"column":10}},{"start":{"line":182,"column":6},"end":{"line":237,"column":10}},{"start":{"line":238,"column":6},"end":{"line":278,"column":10}},{"start":{"line":279,"column":6},"end":{"line":360,"column":10}}],"line":140},"6":{"loc":{"start":{"line":364,"column":2},"end":{"line":366,"column":3}},"type":"if","locations":[{"start":{"line":364,"column":2},"end":{"line":366,"column":3}},{"start":{},"end":{}}],"line":364},"7":{"loc":{"start":{"line":396,"column":9},"end":{"line":417,"column":9}},"type":"cond-expr","locations":[{"start":{"line":397,"column":10},"end":{"line":414,"column":16}},{"start":{"line":416,"column":10},"end":{"line":416,"column":27}}],"line":396},"8":{"loc":{"start":{"line":428,"column":17},"end":{"line":430,"column":35}},"type":"cond-expr","locations":[{"start":{"line":429,"column":20},"end":{"line":429,"column":79}},{"start":{"line":430,"column":20},"end":{"line":430,"column":35}}],"line":428}},"s":{"0":1,"1":2,"2":2,"3":2,"4":2,"5":1,"6":0,"7":0,"8":0,"9":0,"10":0,"11":0,"12":0,"13":0,"14":1,"15":0,"16":1,"17":2,"18":0,"19":2,"20":0,"21":2,"22":0,"23":2,"24":2,"25":2,"26":2,"27":0,"28":0,"29":0,"30":2,"31":0,"32":0,"33":2,"34":0,"35":0,"36":0,"37":0,"38":0,"39":0,"40":0,"41":0,"42":0,"43":0,"44":0,"45":0,"46":0,"47":0,"48":0,"49":0,"50":0,"51":0,"52":0,"53":0,"54":0,"55":0,"56":2,"57":1,"58":0,"59":0,"60":0,"61":1,"62":2,"63":1,"64":1,"65":0,"66":4,"67":0,"68":0},"f":{"0":2,"1":1,"2":0,"3":0,"4":0,"5":0,"6":0,"7":0,"8":0,"9":0,"10":0,"11":1,"12":0,"13":4,"14":0,"15":0},"b":{"0":[0,0],"1":[0,1],"2":[0,0],"3":[0,0,0,0],"4":[0,0],"5":[0,0,0,1],"6":[1,1],"7":[1,0],"8":[1,0]},"_coverageSchema":"1a1c01bbd47fc00a2c39e90264f33305004495a9","hash":"5c36e1b9f74b6e95fabab50ffccf00ea15bf908e"}
,"C:\\Users\\iyosg\\Documents\\SATRIA_UNSRI\\client\\src\\LoadingSpinner.jsx": {"path":"C:\\Users\\iyosg\\Documents\\SATRIA_UNSRI\\client\\src\\LoadingSpinner.jsx","statementMap":{"0":{"start":{"line":4,"column":30},"end":{"line":11,"column":1}},"1":{"start":{"line":5,"column":2},"end":{"line":10,"column":8}}},"fnMap":{"0":{"name":"(anonymous_0)","decl":{"start":{"line":4,"column":30},"end":{"line":4,"column":31}},"loc":{"start":{"line":5,"column":2},"end":{"line":10,"column":8}},"line":5}},"branchMap":{},"s":{"0":1,"1":1},"f":{"0":1},"b":{},"_coverageSchema":"1a1c01bbd47fc00a2c39e90264f33305004495a9","hash":"c75ff1d691f894fa7561f08cdb83be7db7c03985"}
,"C:\\Users\\iyosg\\Documents\\SATRIA_UNSRI\\client\\src\\Login.jsx": {"path":"C:\\Users\\iyosg\\Documents\\SATRIA_UNSRI\\client\\src\\Login.jsx","statementMap":{"0":{"start":{"line":9,"column":34},"end":{"line":9,"column":46}},"1":{"start":{"line":10,"column":34},"end":{"line":10,"column":46}},"2":{"start":{"line":11,"column":42},"end":{"line":11,"column":54}},"3":{"start":{"line":12,"column":36},"end":{"line":12,"column":51}},"4":{"start":{"line":13,"column":19},"end":{"line":13,"column":32}},"5":{"start":{"line":15,"column":22},"end":{"line":31,"column":3}},"6":{"start":{"line":16,"column":4},"end":{"line":16,"column":27}},"7":{"start":{"line":17,"column":4},"end":{"line":30,"column":5}},"8":{"start":{"line":18,"column":23},"end":{"line":18,"column":94}},"9":{"start":{"line":19,"column":6},"end":{"line":25,"column":7}},"10":{"start":{"line":20,"column":8},"end":{"line":20,"column":59}},"11":{"start":{"line":21,"column":8},"end":{"line":21,"column":40}},"12":{"start":{"line":23,"column":8},"end":{"line":23,"column":59}},"13":{"start":{"line":24,"column":8},"end":{"line":24,"column":27}},"14":{"start":{"line":27,"column":6},"end":{"line":27,"column":27}},"15":{"start":{"line":28,"column":6},"end":{"line":28,"column":62}},"16":{"start":{"line":29,"column":6},"end":{"line":29,"column":25}},"17":{"start":{"line":33,"column":2},"end":{"line":109,"column":4}},"18":{"start":{"line":40,"column":29},"end":{"line":40,"column":48}},"19":{"start":{"line":87,"column":33},"end":{"line":87,"column":60}},"20":{"start":{"line":93,"column":33},"end":{"line":93,"column":60}}},"fnMap":{"0":{"name":"Login","decl":{"start":{"line":8,"column":9},"end":{"line":8,"column":14}},"loc":{"start":{"line":8,"column":28},"end":{"line":110,"column":1}},"line":8},"1":{"name":"(anonymous_1)","decl":{"start":{"line":15,"column":22},"end":{"line":15,"column":23}},"loc":{"start":{"line":15,"column":39},"end":{"line":31,"column":3}},"line":15},"2":{"name":"(anonymous_2)","decl":{"start":{"line":40,"column":23},"end":{"line":40,"column":24}},"loc":{"start":{"line":40,"column":29},"end":{"line":40,"column":48}},"line":40},"3":{"name":"(anonymous_3)","decl":{"start":{"line":87,"column":26},"end":{"line":87,"column":27}},"loc":{"start":{"line":87,"column":33},"end":{"line":87,"column":60}},"line":87},"4":{"name":"(anonymous_4)","decl":{"start":{"line":93,"column":26},"end":{"line":93,"column":27}},"loc":{"start":{"line":93,"column":33},"end":{"line":93,"column":60}},"line":93}},"branchMap":{"0":{"loc":{"start":{"line":19,"column":6},"end":{"line":25,"column":7}},"type":"if","locations":[{"start":{"line":19,"column":6},"end":{"line":25,"column":7}},{"start":{"line":22,"column":13},"end":{"line":25,"column":7}}],"line":19},"1":{"loc":{"start":{"line":35,"column":7},"end":{"line":47,"column":7}},"type":"binary-expr","locations":[{"start":{"line":35,"column":7},"end":{"line":35,"column":16}},{"start":{"line":36,"column":8},"end":{"line":46,"column":14}}],"line":35}},"s":{"0":13,"1":13,"2":13,"3":13,"4":13,"5":13,"6":1,"7":1,"8":1,"9":1,"10":1,"11":1,"12":0,"13":0,"14":0,"15":0,"16":0,"17":13,"18":0,"19":4,"20":8},"f":{"0":13,"1":1,"2":0,"3":4,"4":8},"b":{"0":[1,0],"1":[13,0]},"_coverageSchema":"1a1c01bbd47fc00a2c39e90264f33305004495a9","hash":"7c90a59a987d1ac34324291ca2566797cfd99670"}
,"C:\\Users\\iyosg\\Documents\\SATRIA_UNSRI\\client\\src\\Minting.jsx": {"path":"C:\\Users\\iyosg\\Documents\\SATRIA_UNSRI\\client\\src\\Minting.jsx","statementMap":{"0":{"start":{"line":21,"column":22},"end":{"line":27,"column":1}},"1":{"start":{"line":22,"column":2},"end":{"line":22,"column":22}},"2":{"start":{"line":22,"column":12},"end":{"line":22,"column":22}},"3":{"start":{"line":23,"column":2},"end":{"line":25,"column":3}},"4":{"start":{"line":24,"column":4},"end":{"line":24,"column":59}},"5":{"start":{"line":26,"column":2},"end":{"line":26,"column":13}},"6":{"start":{"line":29,"column":16},"end":{"line":476,"column":1}},"7":{"start":{"line":30,"column":56},"end":{"line":30,"column":68}},"8":{"start":{"line":31,"column":40},"end":{"line":31,"column":54}},"9":{"start":{"line":32,"column":36},"end":{"line":32,"column":51}},"10":{"start":{"line":33,"column":36},"end":{"line":33,"column":51}},"11":{"start":{"line":34,"column":36},"end":{"line":34,"column":51}},"12":{"start":{"line":35,"column":42},"end":{"line":35,"column":68}},"13":{"start":{"line":36,"column":32},"end":{"line":36,"column":46}},"14":{"start":{"line":37,"column":52},"end":{"line":37,"column":64}},"15":{"start":{"line":38,"column":19},"end":{"line":38,"column":32}},"16":{"start":{"line":40,"column":2},"end":{"line":62,"column":36}},"17":{"start":{"line":41,"column":29},"end":{"line":55,"column":5}},"18":{"start":{"line":42,"column":6},"end":{"line":54,"column":7}},"19":{"start":{"line":43,"column":20},"end":{"line":43,"column":47}},"20":{"start":{"line":44,"column":8},"end":{"line":49,"column":9}},"21":{"start":{"line":45,"column":27},"end":{"line":47,"column":11}},"22":{"start":{"line":48,"column":10},"end":{"line":48,"column":40}},"23":{"start":{"line":50,"column":8},"end":{"line":50,"column":26}},"24":{"start":{"line":52,"column":8},"end":{"line":52,"column":61}},"25":{"start":{"line":53,"column":8},"end":{"line":53,"column":26}},"26":{"start":{"line":57,"column":4},"end":{"line":61,"column":5}},"27":{"start":{"line":58,"column":6},"end":{"line":58,"column":25}},"28":{"start":{"line":60,"column":6},"end":{"line":60,"column":24}},"29":{"start":{"line":64,"column":2},"end":{"line":77,"column":9}},"30":{"start":{"line":65,"column":37},"end":{"line":74,"column":5}},"31":{"start":{"line":66,"column":6},"end":{"line":73,"column":7}},"32":{"start":{"line":67,"column":25},"end":{"line":69,"column":9}},"33":{"start":{"line":70,"column":8},"end":{"line":70,"column":46}},"34":{"start":{"line":72,"column":8},"end":{"line":72,"column":69}},"35":{"start":{"line":76,"column":4},"end":{"line":76,"column":31}},"36":{"start":{"line":79,"column":23},"end":{"line":81,"column":3}},"37":{"start":{"line":80,"column":4},"end":{"line":80,"column":18}},"38":{"start":{"line":84,"column":2},"end":{"line":121,"column":28}},"39":{"start":{"line":85,"column":32},"end":{"line":117,"column":5}},"40":{"start":{"line":86,"column":19},"end":{"line":86,"column":21}},"41":{"start":{"line":87,"column":6},"end":{"line":115,"column":7}},"42":{"start":{"line":88,"column":8},"end":{"line":114,"column":9}},"43":{"start":{"line":90,"column":10},"end":{"line":100,"column":11}},"44":{"start":{"line":91,"column":29},"end":{"line":91,"column":71}},"45":{"start":{"line":92,"column":29},"end":{"line":92,"column":50}},"46":{"start":{"line":93,"column":12},"end":{"line":93,"column":50}},"47":{"start":{"line":95,"column":12},"end":{"line":98,"column":14}},"48":{"start":{"line":99,"column":12},"end":{"line":99,"column":40}},"49":{"start":{"line":101,"column":15},"end":{"line":114,"column":9}},"50":{"start":{"line":103,"column":10},"end":{"line":113,"column":11}},"51":{"start":{"line":104,"column":29},"end":{"line":104,"column":79}},"52":{"start":{"line":105,"column":29},"end":{"line":105,"column":50}},"53":{"start":{"line":106,"column":12},"end":{"line":106,"column":65}},"54":{"start":{"line":108,"column":12},"end":{"line":111,"column":14}},"55":{"start":{"line":112,"column":12},"end":{"line":112,"column":40}},"56":{"start":{"line":116,"column":6},"end":{"line":116,"column":33}},"57":{"start":{"line":118,"column":4},"end":{"line":120,"column":5}},"58":{"start":{"line":119,"column":6},"end":{"line":119,"column":28}},"59":{"start":{"line":123,"column":32},"end":{"line":125,"column":3}},"60":{"start":{"line":124,"column":4},"end":{"line":124,"column":34}},"61":{"start":{"line":127,"column":26},"end":{"line":129,"column":3}},"62":{"start":{"line":128,"column":4},"end":{"line":128,"column":27}},"63":{"start":{"line":131,"column":20},"end":{"line":139,"column":3}},"64":{"start":{"line":132,"column":4},"end":{"line":138,"column":5}},"65":{"start":{"line":133,"column":6},"end":{"line":133,"column":25}},"66":{"start":{"line":134,"column":6},"end":{"line":134,"column":26}},"67":{"start":{"line":136,"column":6},"end":{"line":136,"column":26}},"68":{"start":{"line":137,"column":6},"end":{"line":137,"column":26}},"69":{"start":{"line":141,"column":21},"end":{"line":145,"column":3}},"70":{"start":{"line":142,"column":4},"end":{"line":142,"column":25}},"71":{"start":{"line":143,"column":4},"end":{"line":143,"column":24}},"72":{"start":{"line":144,"column":4},"end":{"line":144,"column":24}},"73":{"start":{"line":148,"column":21},"end":{"line":172,"column":3}},"74":{"start":{"line":149,"column":4},"end":{"line":149,"column":23}},"75":{"start":{"line":150,"column":4},"end":{"line":171,"column":5}},"76":{"start":{"line":152,"column":23},"end":{"line":152,"column":46}},"77":{"start":{"line":154,"column":6},"end":{"line":156,"column":7}},"78":{"start":{"line":155,"column":8},"end":{"line":155,"column":64}},"79":{"start":{"line":158,"column":27},"end":{"line":158,"column":46}},"80":{"start":{"line":159,"column":26},"end":{"line":162,"column":7}},"81":{"start":{"line":163,"column":6},"end":{"line":163,"column":31}},"82":{"start":{"line":164,"column":6},"end":{"line":164,"column":39}},"83":{"start":{"line":166,"column":6},"end":{"line":166,"column":46}},"84":{"start":{"line":167,"column":6},"end":{"line":167,"column":48}},"85":{"start":{"line":169,"column":6},"end":{"line":169,"column":26}},"86":{"start":{"line":170,"column":6},"end":{"line":170,"column":19}},"87":{"start":{"line":174,"column":22},"end":{"line":177,"column":3}},"88":{"start":{"line":175,"column":4},"end":{"line":175,"column":23}},"89":{"start":{"line":176,"column":4},"end":{"line":176,"column":24}},"90":{"start":{"line":179,"column":24},"end":{"line":191,"column":3}},"91":{"start":{"line":193,"column":2},"end":{"line":195,"column":3}},"92":{"start":{"line":194,"column":4},"end":{"line":194,"column":29}},"93":{"start":{"line":197,"column":30},"end":{"line":199,"column":3}},"94":{"start":{"line":198,"column":20},"end":{"line":198,"column":54}},"95":{"start":{"line":201,"column":2},"end":{"line":475,"column":4}},"96":{"start":{"line":320,"column":14},"end":{"line":343,"column":20}},"97":{"start":{"line":323,"column":33},"end":{"line":323,"column":54}},"98":{"start":{"line":339,"column":33},"end":{"line":339,"column":54}}},"fnMap":{"0":{"name":"(anonymous_0)","decl":{"start":{"line":21,"column":22},"end":{"line":21,"column":23}},"loc":{"start":{"line":21,"column":31},"end":{"line":27,"column":1}},"line":21},"1":{"name":"(anonymous_1)","decl":{"start":{"line":29,"column":16},"end":{"line":29,"column":17}},"loc":{"start":{"line":29,"column":39},"end":{"line":476,"column":1}},"line":29},"2":{"name":"(anonymous_2)","decl":{"start":{"line":40,"column":12},"end":{"line":40,"column":13}},"loc":{"start":{"line":40,"column":18},"end":{"line":62,"column":3}},"line":40},"3":{"name":"(anonymous_3)","decl":{"start":{"line":41,"column":29},"end":{"line":41,"column":30}},"loc":{"start":{"line":41,"column":41},"end":{"line":55,"column":5}},"line":41},"4":{"name":"(anonymous_4)","decl":{"start":{"line":64,"column":12},"end":{"line":64,"column":13}},"loc":{"start":{"line":64,"column":18},"end":{"line":77,"column":3}},"line":64},"5":{"name":"(anonymous_5)","decl":{"start":{"line":65,"column":37},"end":{"line":65,"column":38}},"loc":{"start":{"line":65,"column":49},"end":{"line":74,"column":5}},"line":65},"6":{"name":"(anonymous_6)","decl":{"start":{"line":79,"column":23},"end":{"line":79,"column":24}},"loc":{"start":{"line":79,"column":29},"end":{"line":81,"column":3}},"line":79},"7":{"name":"(anonymous_7)","decl":{"start":{"line":84,"column":12},"end":{"line":84,"column":13}},"loc":{"start":{"line":84,"column":18},"end":{"line":121,"column":3}},"line":84},"8":{"name":"(anonymous_8)","decl":{"start":{"line":85,"column":32},"end":{"line":85,"column":33}},"loc":{"start":{"line":85,"column":44},"end":{"line":117,"column":5}},"line":85},"9":{"name":"(anonymous_9)","decl":{"start":{"line":123,"column":32},"end":{"line":123,"column":33}},"loc":{"start":{"line":123,"column":38},"end":{"line":125,"column":3}},"line":123},"10":{"name":"(anonymous_10)","decl":{"start":{"line":127,"column":26},"end":{"line":127,"column":27}},"loc":{"start":{"line":127,"column":32},"end":{"line":129,"column":3}},"line":127},"11":{"name":"(anonymous_11)","decl":{"start":{"line":131,"column":20},"end":{"line":131,"column":21}},"loc":{"start":{"line":131,"column":29},"end":{"line":139,"column":3}},"line":131},"12":{"name":"(anonymous_12)","decl":{"start":{"line":141,"column":21},"end":{"line":141,"column":22}},"loc":{"start":{"line":141,"column":27},"end":{"line":145,"column":3}},"line":141},"13":{"name":"(anonymous_13)","decl":{"start":{"line":148,"column":21},"end":{"line":148,"column":22}},"loc":{"start":{"line":148,"column":33},"end":{"line":172,"column":3}},"line":148},"14":{"name":"(anonymous_14)","decl":{"start":{"line":174,"column":22},"end":{"line":174,"column":23}},"loc":{"start":{"line":174,"column":28},"end":{"line":177,"column":3}},"line":174},"15":{"name":"(anonymous_15)","decl":{"start":{"line":198,"column":4},"end":{"line":198,"column":5}},"loc":{"start":{"line":198,"column":20},"end":{"line":198,"column":54}},"line":198},"16":{"name":"(anonymous_16)","decl":{"start":{"line":319,"column":37},"end":{"line":319,"column":38}},"loc":{"start":{"line":320,"column":14},"end":{"line":343,"column":20}},"line":320},"17":{"name":"(anonymous_17)","decl":{"start":{"line":323,"column":27},"end":{"line":323,"column":28}},"loc":{"start":{"line":323,"column":33},"end":{"line":323,"column":54}},"line":323},"18":{"name":"(anonymous_18)","decl":{"start":{"line":339,"column":27},"end":{"line":339,"column":28}},"loc":{"start":{"line":339,"column":33},"end":{"line":339,"column":54}},"line":339}},"branchMap":{"0":{"loc":{"start":{"line":22,"column":2},"end":{"line":22,"column":22}},"type":"if","locations":[{"start":{"line":22,"column":2},"end":{"line":22,"column":22}},{"start":{},"end":{}}],"line":22},"1":{"loc":{"start":{"line":23,"column":2},"end":{"line":25,"column":3}},"type":"if","locations":[{"start":{"line":23,"column":2},"end":{"line":25,"column":3}},{"start":{},"end":{}}],"line":23},"2":{"loc":{"start":{"line":44,"column":8},"end":{"line":49,"column":9}},"type":"if","locations":[{"start":{"line":44,"column":8},"end":{"line":49,"column":9}},{"start":{},"end":{}}],"line":44},"3":{"loc":{"start":{"line":57,"column":4},"end":{"line":61,"column":5}},"type":"if","locations":[{"start":{"line":57,"column":4},"end":{"line":61,"column":5}},{"start":{"line":59,"column":11},"end":{"line":61,"column":5}}],"line":57},"4":{"loc":{"start":{"line":88,"column":8},"end":{"line":114,"column":9}},"type":"if","locations":[{"start":{"line":88,"column":8},"end":{"line":114,"column":9}},{"start":{"line":101,"column":15},"end":{"line":114,"column":9}}],"line":88},"5":{"loc":{"start":{"line":101,"column":15},"end":{"line":114,"column":9}},"type":"if","locations":[{"start":{"line":101,"column":15},"end":{"line":114,"column":9}},{"start":{},"end":{}}],"line":101},"6":{"loc":{"start":{"line":118,"column":4},"end":{"line":120,"column":5}},"type":"if","locations":[{"start":{"line":118,"column":4},"end":{"line":120,"column":5}},{"start":{},"end":{}}],"line":118},"7":{"loc":{"start":{"line":132,"column":4},"end":{"line":138,"column":5}},"type":"if","locations":[{"start":{"line":132,"column":4},"end":{"line":138,"column":5}},{"start":{"line":135,"column":11},"end":{"line":138,"column":5}}],"line":132},"8":{"loc":{"start":{"line":154,"column":6},"end":{"line":156,"column":7}},"type":"if","locations":[{"start":{"line":154,"column":6},"end":{"line":156,"column":7}},{"start":{},"end":{}}],"line":154},"9":{"loc":{"start":{"line":193,"column":2},"end":{"line":195,"column":3}},"type":"if","locations":[{"start":{"line":193,"column":2},"end":{"line":195,"column":3}},{"start":{},"end":{}}],"line":193},"10":{"loc":{"start":{"line":209,"column":17},"end":{"line":209,"column":54}},"type":"binary-expr","locations":[{"start":{"line":209,"column":17},"end":{"line":209,"column":32}},{"start":{"line":209,"column":36},"end":{"line":209,"column":54}}],"line":209},"11":{"loc":{"start":{"line":245,"column":9},"end":{"line":267,"column":9}},"type":"cond-expr","locations":[{"start":{"line":246,"column":10},"end":{"line":264,"column":16}},{"start":{"line":266,"column":10},"end":{"line":266,"column":27}}],"line":245},"12":{"loc":{"start":{"line":279,"column":15},"end":{"line":281,"column":33}},"type":"cond-expr","locations":[{"start":{"line":280,"column":18},"end":{"line":280,"column":77}},{"start":{"line":281,"column":18},"end":{"line":281,"column":33}}],"line":279},"13":{"loc":{"start":{"line":289,"column":11},"end":{"line":295,"column":11}},"type":"binary-expr","locations":[{"start":{"line":289,"column":11},"end":{"line":289,"column":41}},{"start":{"line":290,"column":12},"end":{"line":294,"column":21}}],"line":289},"14":{"loc":{"start":{"line":299,"column":9},"end":{"line":346,"column":9}},"type":"cond-expr","locations":[{"start":{"line":300,"column":10},"end":{"line":315,"column":16}},{"start":{"line":318,"column":10},"end":{"line":345,"column":16}}],"line":299},"15":{"loc":{"start":{"line":328,"column":22},"end":{"line":331,"column":39}},"type":"binary-expr","locations":[{"start":{"line":328,"column":22},"end":{"line":328,"column":55}},{"start":{"line":329,"column":23},"end":{"line":331,"column":38}}],"line":328},"16":{"loc":{"start":{"line":329,"column":23},"end":{"line":331,"column":38}},"type":"cond-expr","locations":[{"start":{"line":330,"column":26},"end":{"line":330,"column":60}},{"start":{"line":331,"column":26},"end":{"line":331,"column":38}}],"line":329},"17":{"loc":{"start":{"line":349,"column":9},"end":{"line":379,"column":9}},"type":"binary-expr","locations":[{"start":{"line":349,"column":9},"end":{"line":349,"column":18}},{"start":{"line":350,"column":10},"end":{"line":378,"column":16}}],"line":349},"18":{"loc":{"start":{"line":382,"column":9},"end":{"line":472,"column":9}},"type":"binary-expr","locations":[{"start":{"line":382,"column":9},"end":{"line":382,"column":20}},{"start":{"line":382,"column":24},"end":{"line":382,"column":34}},{"start":{"line":383,"column":10},"end":{"line":471,"column":16}}],"line":382},"19":{"loc":{"start":{"line":398,"column":24},"end":{"line":401,"column":41}},"type":"binary-expr","locations":[{"start":{"line":398,"column":24},"end":{"line":398,"column":58}},{"start":{"line":399,"column":25},"end":{"line":401,"column":40}}],"line":398},"20":{"loc":{"start":{"line":399,"column":25},"end":{"line":401,"column":40}},"type":"cond-expr","locations":[{"start":{"line":400,"column":28},"end":{"line":400,"column":63}},{"start":{"line":401,"column":28},"end":{"line":401,"column":40}}],"line":399},"21":{"loc":{"start":{"line":406,"column":21},"end":{"line":418,"column":21}},"type":"binary-expr","locations":[{"start":{"line":406,"column":21},"end":{"line":406,"column":30}},{"start":{"line":407,"column":22},"end":{"line":417,"column":25}}],"line":406},"22":{"loc":{"start":{"line":465,"column":23},"end":{"line":465,"column":56}},"type":"cond-expr","locations":[{"start":{"line":465,"column":35},"end":{"line":465,"column":47}},{"start":{"line":465,"column":50},"end":{"line":465,"column":56}}],"line":465}},"s":{"0":1,"1":0,"2":0,"3":0,"4":0,"5":0,"6":1,"7":4,"8":4,"9":4,"10":4,"11":4,"12":4,"13":4,"14":4,"15":4,"16":4,"17":0,"18":0,"19":0,"20":0,"21":0,"22":0,"23":0,"24":0,"25":0,"26":0,"27":0,"28":0,"29":4,"30":0,"31":0,"32":0,"33":0,"34":0,"35":0,"36":4,"37":0,"38":4,"39":0,"40":0,"41":0,"42":0,"43":0,"44":0,"45":0,"46":0,"47":0,"48":0,"49":0,"50":0,"51":0,"52":0,"53":0,"54":0,"55":0,"56":0,"57":0,"58":0,"59":4,"60":0,"61":4,"62":0,"63":4,"64":0,"65":0,"66":0,"67":0,"68":0,"69":4,"70":0,"71":0,"72":0,"73":4,"74":0,"75":0,"76":0,"77":0,"78":0,"79":0,"80":0,"81":0,"82":0,"83":0,"84":0,"85":0,"86":0,"87":4,"88":0,"89":0,"90":4,"91":4,"92":4,"93":0,"94":0,"95":0,"96":0,"97":0,"98":0},"f":{"0":0,"1":4,"2":0,"3":0,"4":0,"5":0,"6":0,"7":0,"8":0,"9":0,"10":0,"11":0,"12":0,"13":0,"14":0,"15":0,"16":0,"17":0,"18":0},"b":{"0":[0,0],"1":[0,0],"2":[0,0],"3":[0,0],"4":[0,0],"5":[0,0],"6":[0,0],"7":[0,0],"8":[0,0],"9":[4,0],"10":[0,0],"11":[0,0],"12":[0,0],"13":[0,0],"14":[0,0],"15":[0,0],"16":[0,0],"17":[0,0],"18":[0,0,0],"19":[0,0],"20":[0,0],"21":[0,0],"22":[0,0]},"_coverageSchema":"1a1c01bbd47fc00a2c39e90264f33305004495a9","hash":"7aa0be7d35e4001c566afda4028f798c47ed6c44"}
,"C:\\Users\\iyosg\\Documents\\SATRIA_UNSRI\\client\\src\\StudentContext.jsx": {"path":"C:\\Users\\iyosg\\Documents\\SATRIA_UNSRI\\client\\src\\StudentContext.jsx","statementMap":{"0":{"start":{"line":3,"column":30},"end":{"line":3,"column":45}},"1":{"start":{"line":5,"column":31},"end":{"line":13,"column":1}},"2":{"start":{"line":6,"column":40},"end":{"line":6,"column":54}},"3":{"start":{"line":8,"column":2},"end":{"line":12,"column":4}}},"fnMap":{"0":{"name":"(anonymous_0)","decl":{"start":{"line":5,"column":31},"end":{"line":5,"column":32}},"loc":{"start":{"line":5,"column":49},"end":{"line":13,"column":1}},"line":5}},"branchMap":{},"s":{"0":3,"1":3,"2":0,"3":0},"f":{"0":0},"b":{},"_coverageSchema":"1a1c01bbd47fc00a2c39e90264f33305004495a9","hash":"b822d60465ae70267d4d26893da6b4741d90a425"}
}
