TN:
SF:src\CheckDataMahasiswa.jsx
FN:9,(anonymous_0)
FN:15,(anonymous_1)
FN:41,(anonymous_2)
FN:48,(anonymous_3)
FN:119,(anonymous_4)
FNF:5
FNH:3
FNDA:2,(anonymous_0)
FNDA:0,(anonymous_1)
FNDA:1,(anonymous_2)
FNDA:1,(anonymous_3)
FNDA:0,(anonymous_4)
DA:9,1
DA:10,2
DA:11,2
DA:12,2
DA:13,2
DA:15,2
DA:16,0
DA:17,0
DA:18,0
DA:19,0
DA:22,0
DA:23,0
DA:24,0
DA:26,0
DA:27,0
DA:29,0
DA:30,0
DA:32,0
DA:35,0
DA:36,0
DA:37,0
DA:41,2
DA:42,1
DA:43,1
DA:44,1
DA:48,2
DA:49,1
DA:50,1
DA:51,1
DA:52,1
DA:53,0
DA:54,0
DA:56,0
DA:57,0
DA:59,0
DA:63,2
DA:119,0
LF:37
LH:16
BRDA:17,0,0,0
BRDA:17,0,1,0
BRDA:23,1,0,0
BRDA:23,1,1,0
BRDA:43,2,0,1
BRDA:43,2,1,0
BRDA:65,3,0,2
BRDA:65,3,1,1
BRDA:87,4,0,2
BRDA:87,4,1,0
BRDA:90,5,0,2
BRDA:90,5,1,0
BRDA:115,6,0,1
BRDA:115,6,1,1
BRF:14
BRH:7
end_of_record
TN:
SF:src\InputSertifikatForm.jsx
FN:15,(anonymous_0)
FN:20,(anonymous_1)
FN:21,(anonymous_2)
FN:44,(anonymous_3)
FN:48,(anonymous_4)
FN:52,(anonymous_5)
FN:80,(anonymous_6)
FN:82,(anonymous_7)
FN:88,(anonymous_8)
FN:89,(anonymous_9)
FN:95,(anonymous_10)
FN:139,(anonymous_11)
FN:438,(anonymous_12)
FN:441,(anonymous_13)
FN:462,(anonymous_14)
FN:488,(anonymous_15)
FNF:16
FNH:4
FNDA:2,(anonymous_0)
FNDA:1,(anonymous_1)
FNDA:0,(anonymous_2)
FNDA:0,(anonymous_3)
FNDA:0,(anonymous_4)
FNDA:0,(anonymous_5)
FNDA:0,(anonymous_6)
FNDA:0,(anonymous_7)
FNDA:0,(anonymous_8)
FNDA:0,(anonymous_9)
FNDA:0,(anonymous_10)
FNDA:1,(anonymous_11)
FNDA:0,(anonymous_12)
FNDA:4,(anonymous_13)
FNDA:0,(anonymous_14)
FNDA:0,(anonymous_15)
DA:15,1
DA:16,2
DA:17,2
DA:18,2
DA:20,2
DA:21,1
DA:22,0
DA:23,0
DA:24,0
DA:25,0
DA:28,0
DA:30,0
DA:32,0
DA:33,0
DA:37,1
DA:38,0
DA:40,1
DA:44,2
DA:45,0
DA:48,2
DA:49,0
DA:52,2
DA:53,0
DA:56,2
DA:57,2
DA:73,2
DA:80,2
DA:81,0
DA:82,0
DA:88,2
DA:89,0
DA:95,2
DA:96,0
DA:98,0
DA:99,0
DA:100,0
DA:102,0
DA:103,0
DA:104,0
DA:106,0
DA:109,0
DA:111,0
DA:113,0
DA:115,0
DA:116,0
DA:118,0
DA:119,0
DA:121,0
DA:124,0
DA:125,0
DA:130,0
DA:132,0
DA:133,0
DA:134,0
DA:139,2
DA:140,1
DA:142,0
DA:183,0
DA:239,0
DA:280,1
DA:364,2
DA:365,1
DA:368,1
DA:438,0
DA:442,4
DA:463,0
DA:489,0
LF:67
LH:24
BRDA:24,0,0,0
BRDA:24,0,1,0
BRDA:37,1,0,0
BRDA:37,1,1,1
BRDA:98,2,0,0
BRDA:98,2,1,0
BRDA:109,3,0,0
BRDA:109,3,1,0
BRDA:109,3,2,0
BRDA:109,3,3,0
BRDA:133,4,0,0
BRDA:133,4,1,0
BRDA:140,5,0,0
BRDA:140,5,1,0
BRDA:140,5,2,0
BRDA:140,5,3,1
BRDA:364,6,0,1
BRDA:364,6,1,1
BRDA:396,7,0,1
BRDA:396,7,1,0
BRDA:428,8,0,1
BRDA:428,8,1,0
BRF:22
BRH:6
end_of_record
TN:
SF:src\LoadingSpinner.jsx
FN:4,(anonymous_0)
FNF:1
FNH:1
FNDA:1,(anonymous_0)
DA:4,1
DA:5,1
LF:2
LH:2
BRF:0
BRH:0
end_of_record
TN:
SF:src\Login.jsx
FN:8,Login
FN:15,(anonymous_1)
FN:40,(anonymous_2)
FN:87,(anonymous_3)
FN:93,(anonymous_4)
FNF:5
FNH:4
FNDA:13,Login
FNDA:1,(anonymous_1)
FNDA:0,(anonymous_2)
FNDA:4,(anonymous_3)
FNDA:8,(anonymous_4)
DA:9,13
DA:10,13
DA:11,13
DA:12,13
DA:13,13
DA:15,13
DA:16,1
DA:17,1
DA:18,1
DA:19,1
DA:20,1
DA:21,1
DA:23,0
DA:24,0
DA:27,0
DA:28,0
DA:29,0
DA:33,13
DA:40,0
DA:87,4
DA:93,8
LF:21
LH:15
BRDA:19,0,0,1
BRDA:19,0,1,0
BRDA:35,1,0,13
BRDA:35,1,1,0
BRF:4
BRH:2
end_of_record
TN:
SF:src\Minting.jsx
FN:21,(anonymous_0)
FN:29,(anonymous_1)
FN:40,(anonymous_2)
FN:41,(anonymous_3)
FN:64,(anonymous_4)
FN:65,(anonymous_5)
FN:79,(anonymous_6)
FN:84,(anonymous_7)
FN:85,(anonymous_8)
FN:123,(anonymous_9)
FN:127,(anonymous_10)
FN:131,(anonymous_11)
FN:141,(anonymous_12)
FN:148,(anonymous_13)
FN:174,(anonymous_14)
FN:198,(anonymous_15)
FN:319,(anonymous_16)
FN:323,(anonymous_17)
FN:339,(anonymous_18)
FNF:19
FNH:1
FNDA:0,(anonymous_0)
FNDA:4,(anonymous_1)
FNDA:0,(anonymous_2)
FNDA:0,(anonymous_3)
FNDA:0,(anonymous_4)
FNDA:0,(anonymous_5)
FNDA:0,(anonymous_6)
FNDA:0,(anonymous_7)
FNDA:0,(anonymous_8)
FNDA:0,(anonymous_9)
FNDA:0,(anonymous_10)
FNDA:0,(anonymous_11)
FNDA:0,(anonymous_12)
FNDA:0,(anonymous_13)
FNDA:0,(anonymous_14)
FNDA:0,(anonymous_15)
FNDA:0,(anonymous_16)
FNDA:0,(anonymous_17)
FNDA:0,(anonymous_18)
DA:21,1
DA:22,0
DA:23,0
DA:24,0
DA:26,0
DA:29,1
DA:30,4
DA:31,4
DA:32,4
DA:33,4
DA:34,4
DA:35,4
DA:36,4
DA:37,4
DA:38,4
DA:40,4
DA:41,0
DA:42,0
DA:43,0
DA:44,0
DA:45,0
DA:48,0
DA:50,0
DA:52,0
DA:53,0
DA:57,0
DA:58,0
DA:60,0
DA:64,4
DA:65,0
DA:66,0
DA:67,0
DA:70,0
DA:72,0
DA:76,0
DA:79,4
DA:80,0
DA:84,4
DA:85,0
DA:86,0
DA:87,0
DA:88,0
DA:90,0
DA:91,0
DA:92,0
DA:93,0
DA:95,0
DA:99,0
DA:101,0
DA:103,0
DA:104,0
DA:105,0
DA:106,0
DA:108,0
DA:112,0
DA:116,0
DA:118,0
DA:119,0
DA:123,4
DA:124,0
DA:127,4
DA:128,0
DA:131,4
DA:132,0
DA:133,0
DA:134,0
DA:136,0
DA:137,0
DA:141,4
DA:142,0
DA:143,0
DA:144,0
DA:148,4
DA:149,0
DA:150,0
DA:152,0
DA:154,0
DA:155,0
DA:158,0
DA:159,0
DA:163,0
DA:164,0
DA:166,0
DA:167,0
DA:169,0
DA:170,0
DA:174,4
DA:175,0
DA:176,0
DA:179,4
DA:193,4
DA:194,4
DA:197,0
DA:198,0
DA:201,0
DA:320,0
DA:323,0
DA:339,0
LF:98
LH:24
BRDA:22,0,0,0
BRDA:22,0,1,0
BRDA:23,1,0,0
BRDA:23,1,1,0
BRDA:44,2,0,0
BRDA:44,2,1,0
BRDA:57,3,0,0
BRDA:57,3,1,0
BRDA:88,4,0,0
BRDA:88,4,1,0
BRDA:101,5,0,0
BRDA:101,5,1,0
BRDA:118,6,0,0
BRDA:118,6,1,0
BRDA:132,7,0,0
BRDA:132,7,1,0
BRDA:154,8,0,0
BRDA:154,8,1,0
BRDA:193,9,0,4
BRDA:193,9,1,0
BRDA:209,10,0,0
BRDA:209,10,1,0
BRDA:245,11,0,0
BRDA:245,11,1,0
BRDA:279,12,0,0
BRDA:279,12,1,0
BRDA:289,13,0,0
BRDA:289,13,1,0
BRDA:299,14,0,0
BRDA:299,14,1,0
BRDA:328,15,0,0
BRDA:328,15,1,0
BRDA:329,16,0,0
BRDA:329,16,1,0
BRDA:349,17,0,0
BRDA:349,17,1,0
BRDA:382,18,0,0
BRDA:382,18,1,0
BRDA:382,18,2,0
BRDA:398,19,0,0
BRDA:398,19,1,0
BRDA:399,20,0,0
BRDA:399,20,1,0
BRDA:406,21,0,0
BRDA:406,21,1,0
BRDA:465,22,0,0
BRDA:465,22,1,0
BRF:47
BRH:1
end_of_record
TN:
SF:src\StudentContext.jsx
FN:5,(anonymous_0)
FNF:1
FNH:0
FNDA:0,(anonymous_0)
DA:3,3
DA:5,3
DA:6,0
DA:8,0
LF:4
LH:2
BRF:0
BRH:0
end_of_record
